<?xml version="1.0" encoding="UTF-8"?>
<!-- Generated by org.testng.reporters.JUnitXMLReporter -->
<testsuite hostname="INJAGANNKI01" name="Surefire test" tests="6" failures="0" timestamp="29 Nov 2018 12:04:55 GMT" time="7.515" errors="0">
  <testcase name="test1" time="2.988" classname="testautomation.SampleTest"/>
  <testcase name="test2" time="0.982" classname="testautomation.SampleTest"/>
  <testcase name="test3" time="0.846" classname="testautomation.SampleTest"/>
  <testcase name="test4" time="0.734" classname="testautomation.SampleTest"/>
  <testcase name="test5" time="0.775" classname="testautomation.SampleTest"/>
  <testcase name="test6" time="0.85" classname="testautomation.SampleTest"/>
</testsuite> <!-- Surefire test -->
