<?xml version="1.0" encoding="UTF-8"?>
<testng-results skipped="0" failed="0" total="6" passed="6">
  <reporter-output>
  </reporter-output>
  <suite name="Surefire suite" duration-ms="7515" started-at="2018-11-29T12:04:47Z" finished-at="2018-11-29T12:04:54Z">
    <groups>
    </groups>
    <test name="Surefire test" duration-ms="7515" started-at="2018-11-29T12:04:47Z" finished-at="2018-11-29T12:04:54Z">
      <class name="testautomation.SampleTest">
        <test-method status="PASS" signature="setUp()[pri:0, instance:testautomation.SampleTest@5a61f5df]" name="setUp" is-config="true" duration-ms="330" started-at="2018-11-29T17:34:47Z" finished-at="2018-11-29T17:34:47Z">
          <reporter-output>
          </reporter-output>
        </test-method> <!-- setUp -->
        <test-method status="PASS" signature="test1()[pri:0, instance:testautomation.SampleTest@5a61f5df]" name="test1" duration-ms="2988" started-at="2018-11-29T17:34:47Z" description="Test List all applications." finished-at="2018-11-29T17:34:50Z">
          <reporter-output>
          </reporter-output>
        </test-method> <!-- test1 -->
        <test-method status="PASS" signature="test2()[pri:0, instance:testautomation.SampleTest@5a61f5df]" name="test2" duration-ms="982" started-at="2018-11-29T17:34:50Z" description="Test Create application." finished-at="2018-11-29T17:34:51Z">
          <reporter-output>
          </reporter-output>
        </test-method> <!-- test2 -->
        <test-method status="PASS" signature="test3()[pri:0, instance:testautomation.SampleTest@5a61f5df]" name="test3" duration-ms="846" started-at="2018-11-29T17:34:51Z" description="Test List all applications after create." finished-at="2018-11-29T17:34:52Z">
          <reporter-output>
          </reporter-output>
        </test-method> <!-- test3 -->
        <test-method status="PASS" signature="test4()[pri:0, instance:testautomation.SampleTest@5a61f5df]" name="test4" duration-ms="734" started-at="2018-11-29T17:34:52Z" description="Test get applications." finished-at="2018-11-29T17:34:53Z">
          <reporter-output>
          </reporter-output>
        </test-method> <!-- test4 -->
        <test-method status="PASS" signature="test5()[pri:0, instance:testautomation.SampleTest@5a61f5df]" name="test5" duration-ms="775" started-at="2018-11-29T17:34:53Z" description="Test Delete application." finished-at="2018-11-29T17:34:54Z">
          <reporter-output>
          </reporter-output>
        </test-method> <!-- test5 -->
        <test-method status="PASS" signature="test6()[pri:0, instance:testautomation.SampleTest@5a61f5df]" name="test6" duration-ms="850" started-at="2018-11-29T17:34:54Z" description="Test List all applications after delete." finished-at="2018-11-29T17:34:54Z">
          <reporter-output>
          </reporter-output>
        </test-method> <!-- test6 -->
      </class> <!-- testautomation.SampleTest -->
    </test> <!-- Surefire test -->
  </suite> <!-- Surefire suite -->
</testng-results>
