<?xml version="1.0" encoding="UTF-8"?>
<testsuite xmlns:xsi="http://www.w3.org/2001/XMLSchema-instance" xsi:noNamespaceSchemaLocation="https://maven.apache.org/surefire/maven-surefire-plugin/xsd/surefire-test-report.xsd" name="testautomation.SampleTest" time="8.171" tests="6" errors="0" skipped="0" failures="0">
  <properties>
[...]
</properties>
  <testcase name="test1" classname="testautomation.SampleTest" time="2.989"/>
  <testcase name="test2" classname="testautomation.SampleTest" time="0.98"/>
  <testcase name="test3" classname="testautomation.SampleTest" time="0.855"/>
  <testcase name="test4" classname="testautomation.SampleTest" time="0.727"/>
  <testcase name="test5" classname="testautomation.SampleTest" time="0.774"/>
  <testcase name="test6" classname="testautomation.SampleTest" time="0.85"/>
</testsuite>